#
# A fatal error has been detected by the Java Runtime Environment:
#
#  Internal Error (classFileParser.cpp:3375), pid=5396, tid=5732
#  Error: ShouldNotReachHere()
#
# JRE version: 6.0_24-b07
# Java VM: Java HotSpot(TM) Client VM (19.1-b02 mixed mode windows-x86 )
# If you would like to submit a bug report, please visit:
#   http://java.sun.com/webapps/bugreport/crash.jsp
#

---------------  T H R E A D  ---------------

Current thread (0x02419800):  JavaThread "Unknown thread" [_thread_in_vm, id=5732, stack(0x02320000,0x02370000)]

Stack: [0x02320000,0x02370000],  sp=0x0236f87c,  free space=318k
Native frames: (J=compiled Java code, j=interpreted, Vv=VM code, C=native code)
V  [jvm.dll+0x1fa487]
V  [jvm.dll+0xa337b]
V  [jvm.dll+0x747c8]
V  [jvm.dll+0x75fef]
V  [jvm.dll+0x1c9fc5]
V  [jvm.dll+0x1ca826]
V  [jvm.dll+0x1cabd5]
V  [jvm.dll+0x1cac69]
V  [jvm.dll+0x1cad2c]
V  [jvm.dll+0x1cadaa]
V  [jvm.dll+0x1cae8d]
V  [jvm.dll+0x1cb132]
V  [jvm.dll+0x1ea453]
V  [jvm.dll+0x1ea82c]
V  [jvm.dll+0xd9b4c]
V  [jvm.dll+0x1e3b96]
V  [jvm.dll+0x1033b0]
C  [javaw.exe+0x1657]
C  [javaw.exe+0x1e2c]
C  [javaw.exe+0x8614]
C  [kernel32.dll+0x1339a]
C  [ntdll.dll+0x39ed2]
C  [ntdll.dll+0x39ea5]


---------------  P R O C E S S  ---------------

Java Threads: ( => current thread )

Other Threads:

=>0x02419800 (exited) JavaThread "Unknown thread" [_thread_in_vm, id=5732, stack(0x02320000,0x02370000)]

VM state:not at safepoint (not fully initialized)

VM Mutex/Monitor currently owned by a thread: None

Dynamic libraries:
0x00400000 - 0x00424000 	C:\Program Files (x86)\Java\jre6\bin\javaw.exe
0x77080000 - 0x77200000 	C:\Windows\SysWOW64\ntdll.dll
0x75e60000 - 0x75f70000 	C:\Windows\syswow64\kernel32.dll
0x75db0000 - 0x75df6000 	C:\Windows\syswow64\KERNELBASE.dll
0x74c20000 - 0x74cc0000 	C:\Windows\syswow64\ADVAPI32.dll
0x76500000 - 0x765ac000 	C:\Windows\syswow64\msvcrt.dll
0x767a0000 - 0x767b9000 	C:\Windows\SysWOW64\sechost.dll
0x74a00000 - 0x74af0000 	C:\Windows\syswow64\RPCRT4.dll
0x74770000 - 0x747d0000 	C:\Windows\syswow64\SspiCli.dll
0x74760000 - 0x7476c000 	C:\Windows\syswow64\CRYPTBASE.dll
0x76170000 - 0x76270000 	C:\Windows\syswow64\USER32.dll
0x75d20000 - 0x75db0000 	C:\Windows\syswow64\GDI32.dll
0x74cc0000 - 0x74cca000 	C:\Windows\syswow64\LPK.dll
0x75c80000 - 0x75d1d000 	C:\Windows\syswow64\USP10.dll
0x75e00000 - 0x75e60000 	C:\Windows\system32\IMM32.DLL
0x765b0000 - 0x7667c000 	C:\Windows\syswow64\MSCTF.dll
0x7c340000 - 0x7c396000 	C:\Program Files (x86)\Java\jre6\bin\msvcr71.dll
0x6d7f0000 - 0x6da96000 	C:\Program Files (x86)\Java\jre6\bin\client\jvm.dll
0x728e0000 - 0x72912000 	C:\Windows\system32\WINMM.dll
0x72c30000 - 0x72c7c000 	C:\Windows\system32\apphelp.dll
0x6d7a0000 - 0x6d7ac000 	C:\Program Files (x86)\Java\jre6\bin\verify.dll
0x6d320000 - 0x6d33f000 	C:\Program Files (x86)\Java\jre6\bin\java.dll
0x6d280000 - 0x6d288000 	C:\Program Files (x86)\Java\jre6\bin\hpi.dll
0x74c10000 - 0x74c15000 	C:\Windows\syswow64\PSAPI.DLL
0x6d7e0000 - 0x6d7ef000 	C:\Program Files (x86)\Java\jre6\bin\zip.dll

VM Arguments:
jvm_args: -Dfile.encoding=UTF-8 -Xbootclasspath/p:D:\Program Files (x86)\Android\android-sdk\platforms\android-3\android.jar 
java_command: weibo4android.examples.OauthUpdate
Launcher Type: SUN_STANDARD

Environment Variables:
PATH=C:/Program Files (x86)/Java/jre6/bin/client;C:/Program Files (x86)/Java/jre6/bin;C:/Program Files (x86)/Java/jre6/lib/i386;C:\Program Files (x86)\NVIDIA Corporation\PhysX\Common;C:\Windows\system32;C:\Windows;C:\Windows\System32\Wbem;C:\Windows\System32\WindowsPowerShell\v1.0\;C:\Program Files (x86)\Common Files\Thunder Network\KanKan\Codecs;D:\Documents\shortcut;C:\Program Files (x86)\Java\jdk1.6.0_24\bin;D:\Program Files\TortoiseSVN\bin;C:\jflex\bin;C:\Program Files (x86)\MinGW\bin;C:\Program Files (x86)\Microsoft SQL Server\100\Tools\Binn\;C:\Program Files\Microsoft SQL Server\100\Tools\Binn\;C:\Program Files\Microsoft SQL Server\100\DTS\Binn\;D:\Program Files (x86)\Microsoft Visual Studio\Common\Tools\WinNT;D:\Program Files (x86)\Microsoft Visual Studio\Common\MSDev98\Bin;D:\Program Files (x86)\Microsoft Visual Studio\Common\Tools;D:\Program Files (x86)\Microsoft Visual Studio\VC98\bin;D:\eclipse;
USERNAME=BennyChan
OS=Windows_NT
PROCESSOR_IDENTIFIER=Intel64 Family 6 Model 37 Stepping 2, GenuineIntel



---------------  S Y S T E M  ---------------

OS: Windows 7 Build 7601 Service Pack 1

CPU:total 4 (2 cores per cpu, 2 threads per core) family 6 model 37 stepping 2, cmov, cx8, fxsr, mmx, sse, sse2, sse3, ssse3, sse4.1, sse4.2, popcnt, ht

Memory: 4k page, physical 6150868k(1178184k free), swap 7721884k(1461720k free)

vm_info: Java HotSpot(TM) Client VM (19.1-b02) for windows-x86 JRE (1.6.0_24-b07), built on Feb  2 2011 17:44:41 by "java_re" with MS VC++ 7.1 (VS2003)

time: Fri Oct 28 11:11:28 2011
elapsed time: 0 seconds

